Build started 11/22/2011 4:43:57 PM.
     1>Project "D:\Git\cs130\Binary-Bzet\Binary Bzet\Binary Bzet (64bit)\Binary Bzet (64bit).vcxproj" on node 2 (build target(s)).
     1>InitializeBuildStatus:
         Creating "Debug\Binary Bzet (64bit).unsuccessfulbuild" because "AlwaysCreate" was specified.
       ClCompile:
         d:\Microsoft Visual Studio 10.0\VC\bin\CL.exe /c /ZI /nologo /W3 /WX- /Od /Oy- /D _MBCS /Gm /EHsc /RTC1 /MDd /GS /fp:precise /Zc:wchar_t /Zc:forScope /Fo"Debug\\" /Fd"Debug\vc100.pdb" /Gd /TP /analyze- /errorReport:prompt "..\Binary Bzet\main.cpp"
         main.cpp
       Link:
         d:\Microsoft Visual Studio 10.0\VC\bin\link.exe /ERRORREPORT:PROMPT /OUT:"D:\Git\cs130\Binary-Bzet\Binary Bzet\Debug\Binary Bzet (64bit).exe" /NOLOGO kernel32.lib user32.lib gdi32.lib winspool.lib comdlg32.lib advapi32.lib shell32.lib ole32.lib oleaut32.lib uuid.lib odbc32.lib odbccp32.lib /MANIFEST /ManifestFile:"Debug\Binary Bzet (64bit).exe.intermediate.manifest" /MANIFESTUAC:"level='asInvoker' uiAccess='false'" /DEBUG /PDB:"D:\Git\cs130\Binary-Bzet\Binary Bzet\Debug\Binary Bzet (64bit).pdb" /TLBID:1 /DYNAMICBASE /NXCOMPAT /IMPLIB:"D:\Git\cs130\Binary-Bzet\Binary Bzet\Debug\Binary Bzet (64bit).lib" /MACHINE:X86 Debug\BinaryBzet.obj
         Debug\main.obj
         LINK : D:\Git\cs130\Binary-Bzet\Binary Bzet\Debug\Binary Bzet (64bit).exe not found or not built by the last incremental link; performing full link
         Binary Bzet (64bit).vcxproj -> D:\Git\cs130\Binary-Bzet\Binary Bzet\Debug\Binary Bzet (64bit).exe
       Manifest:
         C:\Program Files (x86)\Microsoft SDKs\Windows\v7.0A\bin\mt.exe /nologo /verbose /outputresource:"D:\Git\cs130\Binary-Bzet\Binary Bzet\Debug\Binary Bzet (64bit).exe;#1" /manifest "Debug\Binary Bzet (64bit).exe.intermediate.manifest"
       FinalizeBuildStatus:
         Deleting file "Debug\Binary Bzet (64bit).unsuccessfulbuild".
         Touching "Debug\Binary Bzet (64bit).lastbuildstate".
     1>Done Building Project "D:\Git\cs130\Binary-Bzet\Binary Bzet\Binary Bzet (64bit)\Binary Bzet (64bit).vcxproj" (build target(s)).

Build succeeded.

Time Elapsed 00:00:01.01
