Build started 11/15/2011 4:27:49 PM.
     1>Project "C:\Users\Kevin\Dropbox\UCLA\CS130\Project\Git\Binary Bzet\Python3DLL\Python3DLL\Python3DLL.vcxproj" on node 2 (rebuild target(s)).
     1>_PrepareForClean:
         Deleting file "Release\Python3DLL.lastbuildstate".
       InitializeBuildStatus:
         Creating "Release\Python3DLL.unsuccessfulbuild" because "AlwaysCreate" was specified.
       ClCompile:
         c:\Program Files\Microsoft Visual Studio 10.0\VC\bin\CL.exe /c /I"../../Binary Bzet" /IC:\Python32\include /Zi /nologo /W3 /WX- /O2 /Oi /Oy- /GL /D WIN32 /D NDEBUG /D _WINDOWS /D _USRDLL /D PYTHON3DLL_EXPORTS /D _WINDLL /D _UNICODE /D UNICODE /Gm- /EHsc /MD /GS /Gy /fp:precise /Zc:wchar_t /Zc:forScope /Fo"Release\\" /Fd"Release\vc100.pdb" /Gd /TP /analyze- /errorReport:prompt "..\..\Binary Bzet\BinaryBzet.cpp" "..\..\Binary Bzet\BinaryBzet_wrap.cpp" "..\..\Binary Bzet\main.cpp"
         BinaryBzet.cpp
     1>..\..\Binary Bzet\BinaryBzet.cpp(556): warning C4018: '<' : signed/unsigned mismatch
     1>..\..\Binary Bzet\BinaryBzet.cpp(782): warning C4244: 'initializing' : conversion from 'double' to 'u32', possible loss of data
     1>..\..\Binary Bzet\BinaryBzet.cpp(890): warning C4018: '<' : signed/unsigned mismatch
     1>..\..\Binary Bzet\BinaryBzet.cpp(1161): warning C4018: '<' : signed/unsigned mismatch
     1>..\..\Binary Bzet\BinaryBzet.cpp(1293): warning C4018: '<' : signed/unsigned mismatch
     1>..\..\Binary Bzet\BinaryBzet.cpp(2024): warning C4805: '|' : unsafe mix of type 'int' and type 'bool' in operation
         BinaryBzet_wrap.cpp
         main.cpp
       Link:
         c:\Program Files\Microsoft Visual Studio 10.0\VC\bin\link.exe /ERRORREPORT:PROMPT /OUT:"C:\Users\Kevin\Dropbox\UCLA\CS130\Project\Git\Binary Bzet\Release\Python3DLL.dll" /INCREMENTAL:NO /NOLOGO python32.lib kernel32.lib user32.lib gdi32.lib winspool.lib comdlg32.lib advapi32.lib shell32.lib ole32.lib oleaut32.lib uuid.lib odbc32.lib odbccp32.lib kernel32.lib user32.lib gdi32.lib winspool.lib comdlg32.lib advapi32.lib shell32.lib ole32.lib oleaut32.lib uuid.lib odbc32.lib odbccp32.lib /MANIFEST /ManifestFile:"Release\Python3DLL.dll.intermediate.manifest" /MANIFESTUAC:"level='asInvoker' uiAccess='false'" /DEBUG /PDB:"C:\Users\Kevin\Dropbox\UCLA\CS130\Project\Git\Binary Bzet\Release\Python3DLL.pdb" /SUBSYSTEM:WINDOWS /OPT:REF /OPT:ICF /LTCG /TLBID:1 /DYNAMICBASE /NXCOMPAT /IMPLIB:"C:\Users\Kevin\Dropbox\UCLA\CS130\Project\Git\Binary Bzet\Release\Python3DLL.lib" /MACHINE:X86 /DLL Release\BinaryBzet.obj
         Release\BinaryBzet_wrap.obj
         Release\main.obj
            Creating library C:\Users\Kevin\Dropbox\UCLA\CS130\Project\Git\Binary Bzet\Release\Python3DLL.lib and object C:\Users\Kevin\Dropbox\UCLA\CS130\Project\Git\Binary Bzet\Release\Python3DLL.exp
         Generating code
         Finished generating code
         Python3DLL.vcxproj -> C:\Users\Kevin\Dropbox\UCLA\CS130\Project\Git\Binary Bzet\Release\Python3DLL.dll
       Manifest:
         C:\Program Files\Microsoft SDKs\Windows\v7.0A\bin\mt.exe /nologo /verbose /outputresource:"C:\Users\Kevin\Dropbox\UCLA\CS130\Project\Git\Binary Bzet\Release\Python3DLL.dll;#2" /manifest Release\Python3DLL.dll.intermediate.manifest
       FinalizeBuildStatus:
         Deleting file "Release\Python3DLL.unsuccessfulbuild".
         Touching "Release\Python3DLL.lastbuildstate".
     1>Done Building Project "C:\Users\Kevin\Dropbox\UCLA\CS130\Project\Git\Binary Bzet\Python3DLL\Python3DLL\Python3DLL.vcxproj" (rebuild target(s)).

Build succeeded.

Time Elapsed 00:00:05.74
