Build started 11/21/2011 2:51:39 AM.
     1>Project "C:\Users\PersiArash\.ssh\Binary-Bzet\Binary Bzet\ImageApplication\ImageApplication.vcxproj" on node 2 (build target(s)).
     1>InitializeBuildStatus:
         Creating "Debug\ImageApplication.unsuccessfulbuild" because "AlwaysCreate" was specified.
       ClCompile:
         C:\Program Files (x86)\Microsoft Visual Studio 10.0\VC\bin\CL.exe /c /ZI /nologo /W3 /WX- /Od /Oy- /D _MBCS /Gm /EHsc /RTC1 /MDd /GS /fp:precise /Zc:wchar_t /Zc:forScope /Fo"Debug\\" /Fd"Debug\vc100.pdb" /Gd /TP /analyze- /errorReport:prompt main.cpp
         main.cpp
     1>c:\users\persiarash\.ssh\binary-bzet\binary bzet\imageapplication\main.cpp(59): warning C4804: '-' : unsafe use of type 'bool' in operation
     1>c:\users\persiarash\.ssh\binary-bzet\binary bzet\imageapplication\main.cpp(84): warning C4244: '=' : conversion from 'std::streamoff' to 'int', possible loss of data
       Link:
         C:\Program Files (x86)\Microsoft Visual Studio 10.0\VC\bin\link.exe /ERRORREPORT:PROMPT /OUT:"C:\Users\PersiArash\.ssh\Binary-Bzet\Binary Bzet\Debug\ImageApplication.exe" /NOLOGO kernel32.lib user32.lib gdi32.lib winspool.lib comdlg32.lib advapi32.lib shell32.lib ole32.lib oleaut32.lib uuid.lib odbc32.lib odbccp32.lib /MANIFEST /ManifestFile:"Debug\ImageApplication.exe.intermediate.manifest" /MANIFESTUAC:"level='asInvoker' uiAccess='false'" /DEBUG /PDB:"C:\Users\PersiArash\.ssh\Binary-Bzet\Binary Bzet\Debug\ImageApplication.pdb" /TLBID:1 /DYNAMICBASE /NXCOMPAT /IMPLIB:"C:\Users\PersiArash\.ssh\Binary-Bzet\Binary Bzet\Debug\ImageApplication.lib" /MACHINE:X86 Debug\BinaryBzet.obj
         Debug\main.obj
         LINK : C:\Users\PersiArash\.ssh\Binary-Bzet\Binary Bzet\Debug\ImageApplication.exe not found or not built by the last incremental link; performing full link
         ImageApplication.vcxproj -> C:\Users\PersiArash\.ssh\Binary-Bzet\Binary Bzet\Debug\ImageApplication.exe
       Manifest:
         C:\Program Files (x86)\Microsoft SDKs\Windows\v7.0A\bin\mt.exe /nologo /verbose /outputresource:"C:\Users\PersiArash\.ssh\Binary-Bzet\Binary Bzet\Debug\ImageApplication.exe;#1" /manifest Debug\ImageApplication.exe.intermediate.manifest
       FinalizeBuildStatus:
         Deleting file "Debug\ImageApplication.unsuccessfulbuild".
         Touching "Debug\ImageApplication.lastbuildstate".
     1>Done Building Project "C:\Users\PersiArash\.ssh\Binary-Bzet\Binary Bzet\ImageApplication\ImageApplication.vcxproj" (build target(s)).

Build succeeded.

Time Elapsed 00:00:01.06
