C:\USERS\KEVIN\DROPBOX\UCLA\CS130\PROJECT\GIT\BINARY BZET\DEBUG\PYTHON DLL.DLL
C:\USERS\KEVIN\DROPBOX\UCLA\CS130\PROJECT\GIT\BINARY BZET\DEBUG\PYTHON DLL.ILK
C:\USERS\KEVIN\DROPBOX\UCLA\CS130\PROJECT\GIT\BINARY BZET\DEBUG\PYTHON DLL.PDB
C:\USERS\KEVIN\DROPBOX\UCLA\CS130\PROJECT\GIT\BINARY BZET\PYTHON DLL\DEBUG\BINARYBZET.OBJ
C:\Users\Kevin\Dropbox\UCLA\CS130\Project\Git\Binary Bzet\Python DLL\Debug\cl.command.1.tlog
C:\Users\Kevin\Dropbox\UCLA\CS130\Project\Git\Binary Bzet\Python DLL\Debug\CL.read.1.tlog
C:\Users\Kevin\Dropbox\UCLA\CS130\Project\Git\Binary Bzet\Python DLL\Debug\CL.write.1.tlog
C:\Users\Kevin\Dropbox\UCLA\CS130\Project\Git\Binary Bzet\Python DLL\Debug\link.2076.read.1.tlog
C:\Users\Kevin\Dropbox\UCLA\CS130\Project\Git\Binary Bzet\Python DLL\Debug\link.2076.write.1.tlog
C:\Users\Kevin\Dropbox\UCLA\CS130\Project\Git\Binary Bzet\Python DLL\Debug\link.2076-cvtres.read.1.tlog
C:\Users\Kevin\Dropbox\UCLA\CS130\Project\Git\Binary Bzet\Python DLL\Debug\link.2076-cvtres.write.1.tlog
C:\Users\Kevin\Dropbox\UCLA\CS130\Project\Git\Binary Bzet\Python DLL\Debug\link.4092.read.1.tlog
C:\Users\Kevin\Dropbox\UCLA\CS130\Project\Git\Binary Bzet\Python DLL\Debug\link.4092.write.1.tlog
C:\Users\Kevin\Dropbox\UCLA\CS130\Project\Git\Binary Bzet\Python DLL\Debug\link.command.1.tlog
C:\Users\Kevin\Dropbox\UCLA\CS130\Project\Git\Binary Bzet\Python DLL\Debug\link.read.1.tlog
C:\Users\Kevin\Dropbox\UCLA\CS130\Project\Git\Binary Bzet\Python DLL\Debug\link.write.1.tlog
C:\Users\Kevin\Dropbox\UCLA\CS130\Project\Git\Binary Bzet\Python DLL\Debug\link-cvtres.read.1.tlog
C:\Users\Kevin\Dropbox\UCLA\CS130\Project\Git\Binary Bzet\Python DLL\Debug\link-cvtres.write.1.tlog
C:\USERS\KEVIN\DROPBOX\UCLA\CS130\PROJECT\GIT\BINARY BZET\PYTHON DLL\DEBUG\MAIN.OBJ
C:\Users\Kevin\Dropbox\UCLA\CS130\Project\Git\Binary Bzet\Python DLL\Debug\mt.command.1.tlog
C:\Users\Kevin\Dropbox\UCLA\CS130\Project\Git\Binary Bzet\Python DLL\Debug\mt.read.1.tlog
C:\Users\Kevin\Dropbox\UCLA\CS130\Project\Git\Binary Bzet\Python DLL\Debug\mt.write.1.tlog
C:\USERS\KEVIN\DROPBOX\UCLA\CS130\PROJECT\GIT\BINARY BZET\PYTHON DLL\DEBUG\MYMODULE_WRAP.OBJ
C:\USERS\KEVIN\DROPBOX\UCLA\CS130\PROJECT\GIT\BINARY BZET\PYTHON DLL\DEBUG\PYTHON DLL.DLL.EMBED.MANIFEST
C:\USERS\KEVIN\DROPBOX\UCLA\CS130\PROJECT\GIT\BINARY BZET\PYTHON DLL\DEBUG\PYTHON DLL.DLL.EMBED.MANIFEST.RES
C:\USERS\KEVIN\DROPBOX\UCLA\CS130\PROJECT\GIT\BINARY BZET\PYTHON DLL\DEBUG\PYTHON DLL.DLL.INTERMEDIATE.MANIFEST
C:\Users\Kevin\Dropbox\UCLA\CS130\Project\Git\Binary Bzet\Python DLL\Debug\Python DLL_manifest.rc
C:\Users\Kevin\Dropbox\UCLA\CS130\Project\Git\Binary Bzet\Python DLL\Debug\rc.command.1.tlog
C:\Users\Kevin\Dropbox\UCLA\CS130\Project\Git\Binary Bzet\Python DLL\Debug\rc.read.1.tlog
C:\Users\Kevin\Dropbox\UCLA\CS130\Project\Git\Binary Bzet\Python DLL\Debug\rc.write.1.tlog
C:\Users\Kevin\Dropbox\UCLA\CS130\Project\Git\Binary Bzet\Python DLL\Debug\vc100.idb
C:\USERS\KEVIN\DROPBOX\UCLA\CS130\PROJECT\GIT\BINARY BZET\PYTHON DLL\DEBUG\VC100.PDB
D:\GIT\CS130\BINARY-BZET\BINARY BZET\PYTHON DLL\DEBUG\BINARYBZET.OBJ
D:\GIT\CS130\BINARY-BZET\BINARY BZET\PYTHON DLL\DEBUG\MAIN.OBJ
D:\GIT\CS130\BINARY-BZET\BINARY BZET\PYTHON DLL\DEBUG\VC100.PDB
