Build started 11/20/2011 9:39:40 PM.
     1>Project "C:\Users\PersiArash\.ssh\Binary-Bzet\Binary Bzet\Binary Bzet (64bit)\Binary Bzet (64bit).vcxproj" on node 2 (build target(s)).
     1>InitializeBuildStatus:
         Creating "x64\Debug\Binary Bzet (64bit).unsuccessfulbuild" because "AlwaysCreate" was specified.
       ClCompile:
         C:\Program Files (x86)\Microsoft Visual Studio 10.0\VC\bin\x86_amd64\CL.exe /c /Zi /nologo /W3 /WX- /Od /D _MBCS /Gm /EHsc /RTC1 /MDd /GS /fp:precise /Zc:wchar_t /Zc:forScope /Fo"x64\Debug\\" /Fd"x64\Debug\vcWindows7.1SDK.pdb" /Gd /TP /errorReport:prompt "..\Binary Bzet\main.cpp"
         main.cpp
       Link:
         C:\Program Files (x86)\Microsoft Visual Studio 10.0\VC\bin\x86_amd64\link.exe /ERRORREPORT:PROMPT /OUT:"C:\Users\PersiArash\.ssh\Binary-Bzet\Binary Bzet\x64\Debug\Binary Bzet (64bit).exe" /NOLOGO kernel32.lib user32.lib gdi32.lib winspool.lib comdlg32.lib advapi32.lib shell32.lib ole32.lib oleaut32.lib uuid.lib odbc32.lib odbccp32.lib /MANIFEST /ManifestFile:"x64\Debug\Binary Bzet (64bit).exe.intermediate.manifest" /MANIFESTUAC:"level='asInvoker' uiAccess='false'" /DEBUG /PDB:"C:\Users\PersiArash\.ssh\Binary-Bzet\Binary Bzet\Binary Bzet (64bit)\x64\Debug\Binary Bzet (64bit).pdb." /TLBID:1 /DYNAMICBASE /NXCOMPAT /IMPLIB:"C:\Users\PersiArash\.ssh\Binary-Bzet\Binary Bzet\x64\Debug\Binary Bzet (64bit).lib" /MACHINE:X64 x64\Debug\BinaryBzet.obj
         x64\Debug\main.obj
         LINK : C:\Users\PersiArash\.ssh\Binary-Bzet\Binary Bzet\x64\Debug\Binary Bzet (64bit).exe not found or not built by the last incremental link; performing full link
         Binary Bzet (64bit).vcxproj -> C:\Users\PersiArash\.ssh\Binary-Bzet\Binary Bzet\x64\Debug\Binary Bzet (64bit).exe
       Manifest:
         C:\Program Files\Microsoft SDKs\Windows\v7.1\bin\mt.exe /nologo /verbose /outputresource:"C:\Users\PersiArash\.ssh\Binary-Bzet\Binary Bzet\x64\Debug\Binary Bzet (64bit).exe;#1" /manifest "x64\Debug\Binary Bzet (64bit).exe.intermediate.manifest"
       CopyFilesToOutputDirectory:
         Copying file from "x64\Debug\Binary Bzet (64bit).pdb" to "C:\Users\PersiArash\.ssh\Binary-Bzet\Binary Bzet\x64\Debug\Binary Bzet (64bit).pdb".
       FinalizeBuildStatus:
         Deleting file "x64\Debug\Binary Bzet (64bit).unsuccessfulbuild".
         Touching "x64\Debug\Binary Bzet (64bit).lastbuildstate".
     1>Done Building Project "C:\Users\PersiArash\.ssh\Binary-Bzet\Binary Bzet\Binary Bzet (64bit)\Binary Bzet (64bit).vcxproj" (build target(s)).

Build succeeded.

Time Elapsed 00:00:00.92
